[18:52:38] [INIT] KubeJS 2001.6.5-build.16; MC 2001 forge
[18:52:38] [INIT] Loaded plugins:
[18:52:38] [INIT] - dev.latvian.mods.kubejs.forge.BuiltinKubeJSForgePlugin
[18:52:39] [INFO] Loaded script server_scripts:recipe.js in 0.007 s
[18:52:39] [INFO] Loaded 1/1 KubeJS server scripts in 0.023 s with 0 errors and 0 warnings
[18:52:39] [INFO] Scripts loaded
[18:52:39] [INFO] Initializing recipe event...
[18:52:44] [INFO] Processing recipes...
[18:52:44] [WARN] Failed to parse recipe '1_splatus:ultris/ominous_eye[minecraft:smithing_transform]'! Falling back to vanilla: Ingredient 'template' can't be empty!
[18:52:44] [WARN] Failed to parse recipe 'stalwart_dungeons:wartedtungstenbootsrecipe[minecraft:smithing_transform]'! Falling back to vanilla: Ingredient 'template' can't be empty!
[18:52:44] [WARN] Failed to parse recipe 'stalwart_dungeons:wartedtungstenhelmetrecipe[minecraft:smithing_transform]'! Falling back to vanilla: Ingredient 'template' can't be empty!
[18:52:44] [WARN] Failed to parse recipe 'stalwart_dungeons:warted_tungsten_shield_recipe[minecraft:smithing_transform]'! Falling back to vanilla: Ingredient 'template' can't be empty!
[18:52:44] [WARN] Failed to parse recipe 'stalwart_dungeons:netherite_hammer_recipe[minecraft:smithing_transform]'! Falling back to vanilla: Ingredient 'template' can't be empty!
[18:52:44] [WARN] Failed to parse recipe 'cataclysm:stonecutting/azure_seastone_brick_stair_from_stonecutting[minecraft:stonecutting]'! Falling back to vanilla: ItemStack 'result' can't be empty!
[18:52:44] [WARN] Failed to parse recipe 'stalwart_dungeons:wartedtungstenchestplaterecipe[minecraft:smithing_transform]'! Falling back to vanilla: Ingredient 'template' can't be empty!
[18:52:44] [WARN] Failed to parse recipe '1_splatus:ultris/command[minecraft:smithing_transform]'! Falling back to vanilla: Ingredient 'template' can't be empty!
[18:52:44] [WARN] Failed to parse recipe 'stalwart_dungeons:wartedtungstenleggingsrecipe[minecraft:smithing_transform]'! Falling back to vanilla: Ingredient 'template' can't be empty!
[18:52:44] [INFO] Found 4492 recipes in 100.1 ms
[18:52:44] [INFO] recipe.js#18: Hello! The recipe event has fired!
[18:52:44] [INFO] Posted recipe events in 13.49 ms
[18:52:44] [INFO] Added 1 recipes, removed 0 recipes, modified 0 recipes, with 0 failed recipes in 213.4 ms
[18:52:48] [INFO] Server resource reload complete!
